<?xml version="1.0" encoding="UTF-8"?>
<!-- Generated by org.testng.reporters.JUnitReportReporter -->
<testsuite hostname="DESKTOP-NTVSJFH" failures="0" tests="1" name="com.example.AppTest" time="0.025" errors="0" timestamp="2020-05-24T14:00:30 IST" skipped="0">
  <testcase classname="com.example.AppTest" name="shouldAnswerWithTrue" time="0.025"/>
  <system-out/>
</testsuite> <!-- com.example.AppTest -->
