<?xml version="1.0" encoding="UTF-8"?>
<!-- Generated by org.testng.reporters.JUnitReportReporter -->
<testsuite hostname="DESKTOP-NTVSJFH" failures="0" tests="2" name="com.example.NewTestNG" time="0.021" errors="0" timestamp="2020-05-24T16:01:12 IST" skipped="0">
  <testcase classname="com.example.NewTestNG" name="Testequal" time="0.011"/>
  <system-out/>
  <testcase classname="com.example.NewTestNG" name="TestNGOne" time="0.010"/>
  <system-out/>
</testsuite> <!-- com.example.NewTestNG -->
